<?xml version="1.0" encoding="UTF-8"?>
<testng-results ignored="0" total="2" passed="2" failed="0" skipped="0">
  <reporter-output>
  </reporter-output>
  <suite started-at="2021-01-09T21:43:58 IST" name="Default suite" finished-at="2021-01-09T21:44:02 IST" duration-ms="3610">
    <groups>
    </groups>
    <test started-at="2021-01-09T21:43:58 IST" name="Default test" finished-at="2021-01-09T21:44:02 IST" duration-ms="3610">
      <class name="com.qa.test.DatabaseConnectivty">
        <test-method signature="DB()[pri:0, instance:com.qa.test.DatabaseConnectivty@6ce139a4]" started-at="2021-01-09T21:43:58 IST" name="DB" finished-at="2021-01-09T21:44:02 IST" duration-ms="3580" status="PASS">
          <reporter-output>
          </reporter-output>
        </test-method> <!-- DB -->
        <test-method signature="test2()[pri:0, instance:com.qa.test.DatabaseConnectivty@6ce139a4]" started-at="2021-01-09T21:44:02 IST" name="test2" finished-at="2021-01-09T21:44:02 IST" duration-ms="1" status="PASS">
          <reporter-output>
          </reporter-output>
        </test-method> <!-- test2 -->
      </class> <!-- com.qa.test.DatabaseConnectivty -->
    </test> <!-- Default test -->
  </suite> <!-- Default suite -->
</testng-results>
